2024-07-26 23:31:52,941 - get_image_description - INFO - [Data ID: 00000002] Generated description: This is a screenshot of an application named 'Google Play Newsstand'. At the top, there are icons that likely represent sharing options and notifications. The
2024-07-26 23:31:58,066 - get_image_description - INFO - [Data ID: 00000004] Generated description: This image appears to be a screenshot of a mobile application interface designed for photo editing. At the top, there are navigation icons and the title 'Edit
2024-07-26 23:32:03,155 - get_image_description - INFO - [Data ID: 00000006] Generated description: This is a screenshot of a mobile application named 'Music Player Pro'. At the top, there are icons suggesting various functionalities such as search, settings,
2024-07-26 23:32:08,230 - get_image_description - INFO - [Data ID: 00000008] Generated description: This is a screenshot of an application interface on a mobile device. On the left side, there are icons representing three categories: Makeup, Hairstyle,
2024-07-26 23:32:13,335 - get_image_description - INFO - [Data ID: 00000010] Generated description: This image appears to be a screenshot of a mobile web browser displaying a webpage from Sears Hometown Stores. The browser's address bar indicates the URL as
2024-07-26 23:32:18,415 - get_image_description - INFO - [Data ID: 00000012] Generated description: This is a screenshot of a mobile Bible application displaying the opening chapters of Genesis 1 from the King James Version (KJV). The screen shows verses
2024-07-26 23:32:23,472 - get_image_description - INFO - [Data ID: 00000014] Generated description: This is a screenshot of an educational mobile application interface titled 'Learn words'. At the top, there are various icons that likely represent functionalities such as sharing
2024-07-26 23:32:28,530 - get_image_description - INFO - [Data ID: 00000016] Generated description: This is a screenshot of an application interface with various functionalities listed vertically on the left side:

- Dashboard
- Notifications
- To-Do List

2024-07-26 23:32:33,612 - get_image_description - INFO - [Data ID: 00000018] Generated description: This is a screenshot of an application named 'Bravolol'. At the top, there are various icons that appear to represent functionalities like sharing,
2024-07-26 23:32:38,693 - get_image_description - INFO - [Data ID: 00000020] Generated description: This is a screenshot of an application interface with a prominent play button symbolized by a heart shape at the center. The main text encourages users to find
2024-07-26 23:32:43,746 - get_image_description - INFO - [Data ID: 00000022] Generated description: This image displays a screenshot of a digital Bible application interface. It seems to be an Android device based on the system icons visible at the top. The
2024-07-26 23:32:48,790 - get_image_description - INFO - [Data ID: 00000024] Generated description: This is a screenshot of an interface for a mobile application titled 'Mix Audio With Video'. The screen displays an image of an oven with a bun placed
2024-07-26 23:32:53,872 - get_image_description - INFO - [Data ID: 00000026] Generated description: This is a screenshot of a mobile application interface focused on language translation. At the top, there are icons for social media sharing and settings, along with
2024-07-26 23:32:58,923 - get_image_description - INFO - [Data ID: 00000028] Generated description: This screenshot displays a mobile application interface for accessing Walgreens weekly ads. At the top, there are icons likely representing functionalities like sharing or favoriting,
2024-07-26 23:33:03,987 - get_image_description - INFO - [Data ID: 00000030] Generated description: This screenshot appears to be from an application interface for creating a photo countdown timer. The main focus is on image customization, as indicated by the prominent text
2024-07-26 23:33:09,057 - get_image_description - INFO - [Data ID: 00000032] Generated description: This image appears to be a screenshot of a mobile application interface named 'Horoscope.com'. The main theme of the app revolves around astrology, as indicated
2024-07-26 23:33:14,137 - get_image_description - INFO - [Data ID: 00000034] Generated description: This image appears to be a screenshot of a mobile application interface with a pop-up message prompting users to update the app. At the top, there are
2024-07-26 23:33:19,183 - get_image_description - INFO - [Data ID: 00000036] Generated description: This appears to be a screenshot of a mobile web browser displaying a web page from 'www.searshometownstores.com'. The browser's address bar
2024-07-26 23:33:24,243 - get_image_description - INFO - [Data ID: 00000038] Generated description: This is a screenshot of a mobile application interface displaying categories under the heading 'Popular'. At the top, there are icons for various social media platforms like
2024-07-26 23:33:29,303 - get_image_description - INFO - [Data ID: 00000040] Generated description: This screenshot appears to be of a mobile application's settings page, specifically the 'About' section. The layout is clean and organized with a clear blue
2024-07-26 23:33:34,361 - get_image_description - INFO - [Data ID: 00000042] Generated description: This image displays a screenshot of an app interface titled "eat this much". At the top, there are three tabs labeled 'PLANNER', 'NEXT
2024-07-26 23:33:39,400 - get_image_description - INFO - [Data ID: 00000044] Generated description: This image appears to be a screenshot of a mobile device displaying a news application. At the top, there are icons indicating various functionalities like sharing options and
2024-07-26 23:33:44,469 - get_image_description - INFO - [Data ID: 00000046] Generated description: This screenshot appears to be from an online shopping application or website, displaying a catalog page. At the top, there are icons indicating features like search,
2024-07-26 23:33:49,540 - get_image_description - INFO - [Data ID: 00000048] Generated description: This image displays a mobile application interface with a navigation menu showcasing various categories under the header "Popular". The categories listed include Wise Words, Marriage, News
2024-07-26 23:33:54,601 - get_image_description - INFO - [Data ID: 00000050] Generated description: This is a screenshot of a web page from DIRECTV's website. The page appears to be a sign-up or verification page where users can create an
2024-07-26 23:33:59,661 - get_image_description - INFO - [Data ID: 00000052] Generated description: This image appears to be a screenshot of a mobile application interface for the 'Rich Thomas Weather Network'. At the top, there's a banner featuring a
2024-07-26 23:34:04,718 - get_image_description - INFO - [Data ID: 00000054] Generated description: This is a screenshot of an application interface that appears to be designed for navigation or location-based services. The main elements include:
- A compass showing cardinal
2024-07-26 23:34:09,782 - get_image_description - INFO - [Data ID: 00000056] Generated description: This image appears to be a screenshot from an online article on The New York Times website. The main visual element is an illustration of a giant hand reaching
2024-07-26 23:34:14,862 - get_image_description - INFO - [Data ID: 00000058] Generated description: This is an account settings screen from an app named 'Joel'. It displays various account information such as email, first name, last name, password
2024-07-26 23:34:19,924 - get_image_description - INFO - [Data ID: 00000060] Generated description: This screenshot appears to be from a mobile app interface, specifically focused on shopping for shoes. At the top, there are navigation options including 'Store',
2024-07-26 23:34:24,964 - get_image_description - INFO - [Data ID: 00000062] Generated description: This is a screenshot of the YouTube channel page for 'Talking Tom and Friends'. At the top, there are navigation icons and the channel name. The
2024-07-26 23:34:30,001 - get_image_description - INFO - [Data ID: 00000064] Generated description: This is a screenshot of an application named 'Robin Help Topics'. It appears to be a mobile application interface with various categories listed vertically. At the top
2024-07-26 23:34:35,000 - get_image_description - INFO - [Data ID: 00000066] Generated description: This is a screenshot of an app interface titled 'connections'. It appears to be an informational page explaining how users can engage with the app to earn rewards
2024-07-26 23:34:39,970 - get_image_description - INFO - [Data ID: 00000068] Generated description: This image depicts a screenshot of a mobile device displaying a virtual keyboard, likely on an Android device given the layout and design cues.

At the top of
2024-07-26 23:34:44,956 - get_image_description - INFO - [Data ID: 00000070] Generated description: This image appears to be a screenshot of a mobile weather application named 'WLOS FIRST ALERT WEATHER'. At the top, there are various icons suggesting
2024-07-26 23:34:49,965 - get_image_description - INFO - [Data ID: 00000072] Generated description: This screenshot appears to be from an application interface for streaming movies, specifically for a film titled "Baahubali". At the top, there are
2024-07-26 23:34:54,956 - get_image_description - INFO - [Data ID: 00000074] Generated description: This is a screenshot from an application titled 'Talking Pierre the Parrot'. Pierre is a 3D animated green parrot standing on a kitchen counter
2024-07-26 23:34:59,931 - get_image_description - INFO - [Data ID: 00000076] Generated description: This is a screenshot of an application interface displaying a recipe for a detoxifying green smoothie. The top section showcases a photo of the finished smoothie
2024-07-26 23:35:04,916 - get_image_description - INFO - [Data ID: 00000078] Generated description: This is a screenshot of an application interface titled 'Joel's Live!' with a subtitle 'BROADCAST LISTINGS'. At the top, there are
2024-07-26 23:35:09,931 - get_image_description - INFO - [Data ID: 00000080] Generated description: This is a screenshot of an application interface, most likely a mobile app given the layout and design elements. The top left corner displays a profile picture placeholder
2024-07-26 23:35:14,924 - get_image_description - INFO - [Data ID: 00000082] Generated description: This is a screenshot of a mobile application interface for NBC4's community page. At the top, there's a navigation bar with various icons, and
2024-07-26 23:35:19,910 - get_image_description - INFO - [Data ID: 00000084] Generated description: This screenshot appears to be from a mobile weather application. The main purpose of the app is to provide users with current and forecasted weather conditions. At
2024-07-26 23:35:24,907 - get_image_description - INFO - [Data ID: 00000086] Generated description: This screenshot appears to be from a language learning app, specifically focused on Spanish. The main task displayed is to translate the phrase "¡Por favor no
2024-07-26 23:35:29,919 - get_image_description - INFO - [Data ID: 00000088] Generated description: This image appears to be a screenshot of an application interface for a movie theater chain named Cinemark. At the top, there are icons for social media
2024-07-26 23:35:34,902 - get_image_description - INFO - [Data ID: 00000090] Generated description: This screenshot appears to be from a mobile application interface that is related to astronomy, specifically the observation of celestial bodies in the sky.

At the top,
2024-07-26 23:35:39,878 - get_image_description - INFO - [Data ID: 00000092] Generated description: This is a screenshot of a mobile application interface displaying information about the movie 'Baahubali'. At the top, there are icons for sharing and
2024-07-26 23:35:44,884 - get_image_description - INFO - [Data ID: 00000094] Generated description: This is a screenshot of an application named 'MrRoccoTeam'. The main purpose of this screen seems to be to display coordinates in a list format
2024-07-26 23:35:49,882 - get_image_description - INFO - [Data ID: 00000096] Generated description: This screenshot appears to be from a mobile application interface named 'Breathe2Relax'. The primary purpose of the app seems to be related to
2024-07-26 23:35:54,856 - get_image_description - INFO - [Data ID: 00000098] Generated description: This is a screenshot of an introductory page for a Java tutorial on mobile devices. The page is titled "Introduction to Java" and welcomes users to the
2024-07-26 23:35:59,837 - get_image_description - INFO - [Data ID: 00000100] Generated description: This is a screenshot of an application named 'Robin Help Topics'. At the top, there are various icons that likely represent different functionalities or sections within the
2024-07-26 23:36:04,871 - get_image_description - INFO - [Data ID: 00000102] Generated description: This is an interface screen from an application named 'connections'. The user appears to have accumulated 100 points, which are displayed prominently at the top.
2024-07-26 23:36:09,902 - get_image_description - INFO - [Data ID: 00000104] Generated description: This is a screenshot of an application interface for 'Healthy Weight Loss Recipes'. The main purpose appears to be offering users various categories of healthy recipes to choose
2024-07-26 23:36:14,916 - get_image_description - INFO - [Data ID: 00000106] Generated description: This image appears to be a screenshot of a webpage or application interface, specifically a section promoting psychic readings. At the top, there are various icons which
2024-07-26 23:36:19,942 - get_image_description - INFO - [Data ID: 00000108] Generated description: This is a screenshot of an application interface, likely on a mobile device given the layout and the presence of navigation buttons at the bottom.

The top left
2024-07-26 23:36:24,976 - get_image_description - INFO - [Data ID: 00000110] Generated description: This is a screenshot of an application interface titled 'TriMet Go'. At the top, there is a logo with the words 'TriMet Go'
2024-07-26 23:36:30,015 - get_image_description - INFO - [Data ID: 00000112] Generated description: This screenshot appears to be from an Android mobile device displaying the settings page of a media player application. The settings are organized into different sections such as "
2024-07-26 23:36:35,030 - get_image_description - INFO - [Data ID: 00000114] Generated description: This screenshot displays an interactive mobile application screen titled 'Choose a path'. It offers two options for users to select based on their proficiency in Spanish. The
2024-07-26 23:36:40,056 - get_image_description - INFO - [Data ID: 00000116] Generated description: This is a screenshot of a mobile application interface for sign-in or registration. At the top, there are icons that likely represent different functionalities or sections of
2024-07-26 23:36:45,090 - get_image_description - INFO - [Data ID: 00000118] Generated description: This is a screenshot of an electronic device displaying a contact form interface.

At the top, there are multiple icons that seem to represent sharing or social media
2024-07-26 23:36:50,123 - get_image_description - INFO - [Data ID: 00000120] Generated description: This is a screenshot of a mobile application interface, likely from a South Korean platform given the language used. The main purpose seems to be account registration or
2024-07-26 23:36:55,152 - get_image_description - INFO - [Data ID: 00000122] Generated description: This is a screenshot of an application interface titled 'Set a practice reminder time'. At the top, there are multiple icons that appear to be social media
2024-07-26 23:37:00,176 - get_image_description - INFO - [Data ID: 00000124] Generated description: This is a screenshot of a mobile device's video playback application interface. The interface shows a grid layout of video files, each represented by a thumbnail image
2024-07-26 23:37:05,210 - get_image_description - INFO - [Data ID: 00000126] Generated description: This is a screenshot of a mobile interface, possibly a social media or content-sharing platform. The dominant feature is a block of text written in a non
2024-07-26 23:37:10,222 - get_image_description - INFO - [Data ID: 00000128] Generated description: This screenshot appears to be from an educational mobile application named 'Quick Quizzes'. At the top, there are multiple icons which likely represent different functionalities or
2024-07-26 23:37:15,231 - get_image_description - INFO - [Data ID: 00000130] Generated description: This is a screenshot of an application interface for Horoscope.com. The app appears to offer various horoscope-related services. At the top, there is
2024-07-26 23:37:20,240 - get_image_description - INFO - [Data ID: 00000132] Generated description: This image displays a mobile application interface with various categories listed vertically under tabs labeled 'SMS', 'JOKES', and 'VIDEOS'. Each category
2024-07-26 23:37:25,292 - get_image_description - INFO - [Data ID: 00000134] Generated description: This is a screenshot of a mobile application interface displaying an event countdown timer. The screen title reads 'Countdown Timer', and it appears to be set
2024-07-26 23:37:30,298 - get_image_description - INFO - [Data ID: 00000136] Generated description: This image displays a screenshot of an application interface with various options listed vertically on the left side. Each option is accompanied by an icon on the left.
2024-07-26 23:37:35,316 - get_image_description - INFO - [Data ID: 00000138] Generated description: This is a screenshot of a mobile application interface for weather forecasting. The top section indicates that it's for San Francisco, CA, under the banner of
2024-07-26 23:37:40,333 - get_image_description - INFO - [Data ID: 00000140] Generated description: This appears to be a screenshot of a mobile web browser displaying a webpage from DirectTV's Indian website. The URL indicates it's a mobile version of
2024-07-26 23:37:45,362 - get_image_description - INFO - [Data ID: 00000142] Generated description: This screenshot appears to be of a mobile application named 'naked apartments'. At the top, there's a navigation bar with various icons suggesting functionalities like
2024-07-26 23:37:50,380 - get_image_description - INFO - [Data ID: 00000144] Generated description: This is a screenshot of a mobile application interface for KLM, the Royal Dutch Airlines. The top bar displays the KLM logo along with a search
2024-07-26 23:37:55,396 - get_image_description - INFO - [Data ID: 00000146] Generated description: This is a screenshot of an application interface with a red header displaying various icons such as Facebook, a fax machine, and others. Below the header,
2024-07-26 23:38:00,430 - get_image_description - INFO - [Data ID: 00000148] Generated description: This is a screenshot of a mobile web page from the website 'www.searshometownstores.com'. The main purpose of the page appears to
2024-07-26 23:38:05,474 - get_image_description - INFO - [Data ID: 00000150] Generated description: This is a screenshot of a mobile application interface named 'Topps NHL Skate 17'. The main visual element is an image of a hockey player wearing
2024-07-26 23:38:10,488 - get_image_description - INFO - [Data ID: 00000152] Generated description: This is a screenshot of a mobile application interface with a red header displaying icons for various functionalities such as search, settings, and notifications. The main search
2024-07-26 23:38:15,502 - get_image_description - INFO - [Data ID: 00000154] Generated description: This image appears to be a screenshot of a mobile application interface, specifically the 'Notes' section. The top bar has icons that likely represent sharing options
2024-07-26 23:38:20,554 - get_image_description - INFO - [Data ID: 00000156] Generated description: This image shows a screenshot of a mobile application interface with various menu options displayed vertically on the left side. The topmost option is labeled 'Dashboard',
2024-07-26 23:38:25,553 - get_image_description - INFO - [Data ID: 00000158] Generated description: This screenshot appears to be from a mobile application interface designed for creating and managing events.

At the top, there are various icons that likely represent functionalities such
2024-07-26 23:38:30,557 - get_image_description - INFO - [Data ID: 00000160] Generated description: This screenshot displays an interface of an educational mobile application focused on language learning. The user appears to be engaged in a quiz related to grammar, specifically identifying
2024-07-26 23:38:35,571 - get_image_description - INFO - [Data ID: 00000162] Generated description: This is a screenshot of an application interface named 'Horoscope.com'. At the top, there is information about the zodiac sign 'Aries',
2024-07-26 23:38:40,600 - get_image_description - INFO - [Data ID: 00000164] Generated description: This is a screenshot of an application interface titled 'Carpenters'. At the top, there are two tabs: 'WEEKLY ADS'
2024-07-26 23:38:45,617 - get_image_description - INFO - [Data ID: 00000166] Generated description: This image appears to be a screenshot of a mobile application interface. At the top, there are multiple icons indicating various functionalities such as sharing, favoriting
2024-07-26 23:38:50,626 - get_image_description - INFO - [Data ID: 00000168] Generated description: This image appears to be a screenshot of an advertisement on a mobile device interface. The top section has three circular icons labeled 'SHARE', 'FACEBOOK
2024-07-26 23:38:55,630 - get_image_description - INFO - [Data ID: 00000170] Generated description: This image appears to be a screenshot of a mobile application interface displaying a sign-in page. At the top, there's a blue checkmark icon with
2024-07-26 23:39:00,661 - get_image_description - INFO - [Data ID: 00000172] Generated description: This is a screenshot of the mobile application interface for 'InstaCare', which appears to be a service provided by Reliance. The app offers various
2024-07-26 23:39:05,685 - get_image_description - INFO - [Data ID: 00000174] Generated description: This is a screenshot of a music application interface on a mobile device. The top portion features a dark background with a large, colorful, pixelated word
2024-07-26 23:39:10,697 - get_image_description - INFO - [Data ID: 00000176] Generated description: This screenshot appears to be of a mobile device's interface, displaying an option prompt titled 'Open from'. It offers several choices for the user to select
2024-07-26 23:39:15,699 - get_image_description - INFO - [Data ID: 00000178] Generated description: This is a screenshot of an interface for a mobile application named 'Find Weight'. At the top, there's a status bar showing signal strength, battery
2024-07-26 23:39:20,731 - get_image_description - INFO - [Data ID: 00000180] Generated description: This image displays a screenshot of a mobile application named'myTuner'. The main purpose of this app seems to be related to radio and audio streaming
2024-07-26 23:39:25,751 - get_image_description - INFO - [Data ID: 00000182] Generated description: This screenshot appears to be from a mobile device displaying an English-Chinese dictionary application. The word "speech" is being looked up. At the top
2024-07-26 23:39:30,773 - get_image_description - INFO - [Data ID: 00000184] Generated description: This is a screenshot of a digital interface for the Louisiana Purchase EBT Card. The main purpose of the interface appears to be for users to sign in
2024-07-26 23:39:35,796 - get_image_description - INFO - [Data ID: 00000186] Generated description: This image appears to be a screenshot of an educational mobile application focused on Java programming. The screen displays a question related to Java development with multiple choice answers
2024-07-26 23:39:40,834 - get_image_description - INFO - [Data ID: 00000188] Generated description: This image appears to be a screenshot of a mobile application interface focused on palmistry, specifically dealing with the study of lines on the human hand.

The
2024-07-26 23:39:45,838 - get_image_description - INFO - [Data ID: 00000190] Generated description: This appears to be a screenshot of a media player application on a mobile device. At the top, there's a title indicating that the media is "
2024-07-26 23:39:50,852 - get_image_description - INFO - [Data ID: 00000192] Generated description: This is a screenshot of a mobile application interface named 'Healthy Weight Loss Recipes'. It appears to be a food-related app that offers various categories of recipes
2024-07-26 23:39:55,887 - get_image_description - INFO - [Data ID: 00000194] Generated description: The image shows a screenshot of a mobile application interface, possibly a social media platform or content-sharing app. The language used in the text is Gujarati
2024-07-26 23:40:00,925 - get_image_description - INFO - [Data ID: 00000196] Generated description: This is a screenshot of an app interface titled 'Breathe2Relax'. At the top, there are icons that likely represent sharing options,
2024-07-26 23:40:05,941 - get_image_description - INFO - [Data ID: 00000198] Generated description: This appears to be a screenshot of an Android device's file explorer application, displaying the contents of a directory named "Download". The directory contains a single
2024-07-26 23:40:10,945 - get_image_description - INFO - [Data ID: 00000200] Generated description: This is a screenshot of an application interface titled 'My baby’s name'. It seems to be designed to assist expectant parents in choosing a name for
2024-07-26 23:40:16,010 - get_image_description - INFO - [Data ID: 00000202] Generated description: This is a screenshot of an application interface displaying the 'My Favorites' section. The screen is predominantly red and white, with a header showing various icons
2024-07-26 23:40:21,044 - get_image_description - INFO - [Data ID: 00000204] Generated description: This is a screenshot of an application interface focused on palmistry. At the top, there are three tabs labeled 'palm tip', 'your hand
2024-07-26 23:40:26,054 - get_image_description - INFO - [Data ID: 00000206] Generated description: This image displays a mobile application interface for NBC News4. At the top, there are icons that likely represent functionalities such as sharing and settings. The
2024-07-26 23:40:31,065 - get_image_description - INFO - [Data ID: 00000208] Generated description: This image appears to be a screenshot of a mobile application interface named 'Joel'. At the top, there are icons for social media platforms like Facebook
2024-07-26 23:40:36,095 - get_image_description - INFO - [Data ID: 00000210] Generated description: This is a screenshot of the 'Bible Gateway' mobile application interface. The main purpose appears to be to provide users with access to the Bible and
2024-07-26 23:40:41,108 - get_image_description - INFO - [Data ID: 00000212] Generated description: This is a screenshot of an interface from a mobile application, likely related to customization or settings given the title 'Color theme'. The primary focus is on
2024-07-26 23:40:46,115 - get_image_description - INFO - [Data ID: 00000214] Generated description: This image appears to be a screenshot of a mobile application interface with the title 'Play Store' at the top left corner. It seems like a user
2024-07-26 23:40:51,111 - get_image_description - INFO - [Data ID: 00000216] Generated description: This image shows a screenshot of an application interface titled 'History'. The main content of the screen instructs users to 'Begin reading the Bible to activate
2024-07-26 23:40:56,147 - get_image_description - INFO - [Data ID: 00000218] Generated description: This is a screenshot of an application interface displaying coupons for various brands, with a specific focus on Adidas. At the top, there is a navigation bar
2024-07-26 23:41:01,120 - get_image_description - INFO - [Data ID: 00000220] Generated description: This appears to be a screenshot of an application interface, specifically from a mobile device, displaying various sections available for users to browse. The interface is organized
2024-07-26 23:41:06,086 - get_image_description - INFO - [Data ID: 00000222] Generated description: This image depicts the interface of an application named 'Fenix GPS'. It appears to be a GPS tool used for determining geographical coordinates and other related
2024-07-26 23:41:11,053 - get_image_description - INFO - [Data ID: 00000224] Generated description: This is a screenshot of a mobile device displaying a weather application interface.

At the top, there's a status bar showing various icons such as Wi-Fi
2024-07-26 23:41:16,044 - get_image_description - INFO - [Data ID: 00000226] Generated description: This image appears to be a screenshot of a mobile application interface with a red header displaying icons for social media sharing and other functionalities, followed by the word
2024-07-26 23:41:21,023 - get_image_description - INFO - [Data ID: 00000228] Generated description: This is a screenshot of a mobile application interface titled 'Cheap Flights'. It appears to be a search function where users can input a destination in the
2024-07-26 23:41:25,998 - get_image_description - INFO - [Data ID: 00000230] Generated description: This image appears to be a screenshot of a mobile device's home screen. The main focus seems to be on the vibrant blue nail polish that covers a
2024-07-26 23:41:30,978 - get_image_description - INFO - [Data ID: 00000232] Generated description: This screenshot appears to be from a movie streaming application or website. The main focus is on the movie "Baahubali," which is displayed prominently
2024-07-26 23:41:35,977 - get_image_description - INFO - [Data ID: 00000234] Generated description: This is an interface screen from an application named "connections". The primary purpose of this screen is to allow users to scan their Connections ID to earn points
2024-07-26 23:41:40,939 - get_image_description - INFO - [Data ID: 00000236] Generated description: This is a screenshot of an application interface named "Cute Reader," which appears to be designed for voice input. At the top, there are icons
2024-07-26 23:41:45,912 - get_image_description - INFO - [Data ID: 00000238] Generated description: This is a screenshot of an application interface, specifically the 'Endorsers' section of the 'CDL Assistant'. The main purpose of this interface
2024-07-26 23:41:50,873 - get_image_description - INFO - [Data ID: 00000240] Generated description: This screenshot appears to be from a mobile application named 'BuyVia'. The top section displays various icons, possibly indicating different functionalities or sections within the app
2024-07-26 23:41:55,872 - get_image_description - INFO - [Data ID: 00000242] Generated description: This screenshot appears to be a mobile device interface showcasing an application named 'Plakka'. At the top, there are icons for sharing on social media
2024-07-26 23:42:00,843 - get_image_description - INFO - [Data ID: 00000244] Generated description: This is a screenshot of an application named 'LINEUPS' that appears to be related to sports betting, specifically NBA games. The main feature displayed is
2024-07-26 23:42:05,812 - get_image_description - INFO - [Data ID: 00000246] Generated description: This screenshot appears to be a screenshot of a mobile device interface displaying a document or page that is partially visible in Arabic script. The text seems to be
2024-07-26 23:42:10,780 - get_image_description - INFO - [Data ID: 00000248] Generated description: This is a screenshot of an application interface with several elements visible. At the top, there are icons that appear to represent social media platforms like Facebook,
2024-07-26 23:42:15,774 - get_image_description - INFO - [Data ID: 00000250] Generated description: This image shows a screenshot of an application interface named 'Truth or Dare'. The screen appears to be in a mode labeled 'Naughty Mode', with
2024-07-26 23:42:20,739 - get_image_description - INFO - [Data ID: 00000252] Generated description: This is a screenshot of an application named 'My Diet Coach'. At the top, there's a header displaying the app's name along with some icons
2024-07-26 23:42:25,715 - get_image_description - INFO - [Data ID: 00000254] Generated description: This image appears to be a screenshot of an application interface for a metronome named "Pro Metronome." At the top, there's a
2024-07-26 23:42:30,712 - get_image_description - INFO - [Data ID: 00000256] Generated description: This is a screenshot of an application interface, likely from a mobile device given the layout and design elements.

The top bar has various icons that may represent
2024-07-26 23:42:35,717 - get_image_description - INFO - [Data ID: 00000258] Generated description: This image appears to be a screenshot of a mobile application interface with a dark theme. The main purpose of the app seems to be related to music,
2024-07-26 23:42:40,690 - get_image_description - INFO - [Data ID: 00000260] Generated description: This is a screenshot of a mobile application interface, specifically displaying details for a 2016 BMW 4 Series car listed for sale. The car is
2024-07-26 23:42:45,658 - get_image_description - INFO - [Data ID: 00000262] Generated description: This is a screenshot of a mobile application interface titled 'Practice'. At the top, there are navigation options including 'POPULAR', 'ARTICLES',
2024-07-26 23:42:50,643 - get_image_description - INFO - [Data ID: 00000264] Generated description: This is a screenshot of an application named 'LINEUPS' displayed on a mobile device.

At the top, there are multiple icons that likely represent different
2024-07-26 23:42:55,632 - get_image_description - INFO - [Data ID: 00000266] Generated description: This is an interface for creating a prank chat on a mobile device. At the top, there are various icons possibly indicating different functionalities or features of the
2024-07-26 23:43:00,607 - get_image_description - INFO - [Data ID: 00000268] Generated description: This image appears to be a screenshot of an application interface displaying a map. The application seems to be Google Maps, as indicated by the logo at the
2024-07-26 23:43:05,586 - get_image_description - INFO - [Data ID: 00000270] Generated description: This image appears to be a screenshot of a mobile application interface titled 'Dog Sounds'. At the top, there are icons for sharing, favorites, settings
2024-07-26 23:43:10,580 - get_image_description - INFO - [Data ID: 00000272] Generated description: This image appears to be a screenshot of an app interface on a mobile device. The top part displays a title bar with the words 'Tenderness
2024-07-26 23:43:15,561 - get_image_description - INFO - [Data ID: 00000274] Generated description: This is a screenshot of an application settings page titled 'Flashlight'. The settings appear to be divided into two main configurations: 'Torch mode'
2024-07-26 23:43:20,529 - get_image_description - INFO - [Data ID: 00000276] Generated description: This is a screenshot of a mobile application interface that displays locations near the user, categorized under different tabs such as 'REWARDS', 'RESTAUR
2024-07-26 23:43:25,495 - get_image_description - INFO - [Data ID: 00000278] Generated description: This image shows a screenshot of a mobile application named 'Earthquake'. The map displayed is centered on San Francisco, California, with several markers scattered across
2024-07-26 23:43:30,519 - get_image_description - INFO - [Data ID: 00000280] Generated description: This screenshot appears to be from an Android device's audio editing application. At the top, there are icons for sharing via Facebook, fax, and other
2024-07-26 23:43:35,501 - get_image_description - INFO - [Data ID: 00000282] Generated description: This image appears to be a screenshot of a mobile application interface, specifically for a sports team or event. The navigation menu on the left displays various options
2024-07-26 23:43:40,465 - get_image_description - INFO - [Data ID: 00000284] Generated description: This is a screenshot of an application interface, possibly on a mobile device given the layout and design elements. The top part of the screen displays various icons
2024-07-26 23:43:45,431 - get_image_description - INFO - [Data ID: 00000286] Generated description: This image displays a screenshot of an application settings page for weather notifications. It appears to be an Android device, judging by the navigation bar at the bottom
2024-07-26 23:43:50,423 - get_image_description - INFO - [Data ID: 00000288] Generated description: This image appears to be a screenshot of a mobile application interface, specifically an offline map application named 'Offline Map'. The main purpose of this app seems
2024-07-26 23:43:55,408 - get_image_description - INFO - [Data ID: 00000290] Generated description: This image displays a screenshot of an application interface titled '100+ Detox Drinks'. It appears to be a mobile application, judging by the layout and
2024-07-26 23:44:00,386 - get_image_description - INFO - [Data ID: 00000292] Generated description: This image appears to be a screenshot of a fitness application interface. It showcases an exercise named "Overhead Press," which targets the shoulders and biceps
2024-07-26 23:44:05,376 - get_image_description - INFO - [Data ID: 00000294] Generated description: This image appears to be a screenshot of a mobile application displaying a map interface. The app seems to be used for tracking or monitoring something, as evidenced
2024-07-26 23:44:10,385 - get_image_description - INFO - [Data ID: 00000296] Generated description: This is a screenshot of a mobile application interface that allows users to log in with their Facebook account. At the top, there are multiple Facebook icons,
2024-07-26 23:44:15,368 - get_image_description - INFO - [Data ID: 00000298] Generated description: This is a screenshot of an app interface for 'jet anywhere', which appears to be a platform related to shopping, possibly for flowers given the reference to
2024-07-26 23:44:20,350 - get_image_description - INFO - [Data ID: 00000300] Generated description: This is a screenshot of an application interface focused on tracking squat-related activities. The top section displays various icons that likely represent functionalities like sharing on social media
2024-07-26 23:44:25,328 - get_image_description - INFO - [Data ID: 00000302] Generated description: This is a screenshot from an audio player application named "Podcast Addict". The visible part of the screen displays an episode titled "Something You Should
2024-07-26 23:44:30,337 - get_image_description - INFO - [Data ID: 00000304] Generated description: This is a screenshot of a mobile news application. At the top, there are navigation options like HOME, NEWS, TRENDING, VIDEO, SPORT
2024-07-26 23:44:35,323 - get_image_description - INFO - [Data ID: 00000306] Generated description: This is a screenshot of the mobile interface for an online shopping application named "Jet."

At the top, there's a navigation bar with various icons,
2024-07-26 23:44:40,308 - get_image_description - INFO - [Data ID: 00000308] Generated description: This is a screenshot of a mobile application interface titled 'Settings'. The top bar contains icons for sharing on social media platforms like Facebook and others, as
2024-07-26 23:44:45,292 - get_image_description - INFO - [Data ID: 00000310] Generated description: This image displays a user interface screen from an application named 'Noom Coach'. The main purpose of this screen appears to be for users to select or
2024-07-26 23:44:50,309 - get_image_description - INFO - [Data ID: 00000312] Generated description: This is a screenshot of an application interface displaying a map centered on the eastern part of the state of Oklahoma in the United States. The map is powered
2024-07-26 23:44:55,309 - get_image_description - INFO - [Data ID: 00000314] Generated description: This screenshot appears to be from a mobile application interface that displays gas prices in San Leandro, California. At the top, there's a navigation bar
2024-07-26 23:45:00,290 - get_image_description - INFO - [Data ID: 00000316] Generated description: This screenshot appears to be from an application interface titled "Baby Chakra." At the top, there are various icons likely representing functionalities or sections within the
2024-07-26 23:45:05,294 - get_image_description - INFO - [Data ID: 00000318] Generated description: This is a screenshot of a mobile application interface with a vibrant red background featuring leaf motifs. At the top, there are various icons suggesting functionalities like sharing
2024-07-26 23:45:10,290 - get_image_description - INFO - [Data ID: 00000320] Generated description: This is a screenshot of an e-commerce application interface displaying search results for 'Blue Diamond Almonds'. The screen shows two different varieties of Blue Diamond Al
2024-07-26 23:45:15,281 - get_image_description - INFO - [Data ID: 00000322] Generated description: This screenshot appears to be of the Voxofon messaging application interface. The main purpose seems to be for users to send and receive text messages. The
2024-07-26 23:45:20,262 - get_image_description - INFO - [Data ID: 00000324] Generated description: This image displays a screenshot of a smartphone's home screen. The background features an artistic rendering of a unicorn in a misty, ethereal setting.
2024-07-26 23:45:25,255 - get_image_description - INFO - [Data ID: 00000326] Generated description: This is a screenshot of an application interface for Taco Bell, a fast-food restaurant chain.

At the top, there's a navigation bar with icons for
2024-07-26 23:45:30,260 - get_image_description - INFO - [Data ID: 00000328] Generated description: This is a screenshot of an application interface displaying a Holy Bible application. The interface is organized with various menu options listed vertically on the left side, each
2024-07-26 23:45:35,245 - get_image_description - INFO - [Data ID: 00000330] Generated description: This is a screenshot of a mobile application interface displaying social sharing options. At the top, there are icons for different functionalities like favorites, sharing, and
2024-07-26 23:45:40,224 - get_image_description - INFO - [Data ID: 00000332] Generated description: This image appears to be a screenshot of a mobile app interface for booking transportation. The app displays details for a back trip scheduled for December 10th
2024-07-26 23:45:45,232 - get_image_description - INFO - [Data ID: 00000334] Generated description: This is a screenshot of a mobile application's account creation page. The page has fields for entering an email address and a password. The email address field
2024-07-26 23:45:50,224 - get_image_description - INFO - [Data ID: 00000336] Generated description: This is a screenshot of an application named 'JOEL' displaying a page for creating an account. The page has two input fields labeled 'Email Address
2024-07-26 23:45:55,202 - get_image_description - INFO - [Data ID: 00000338] Generated description: This image displays a mobile application screen for Western Governors University (WGU). The top portion of the screen shows an arched corridor leading to a bright
2024-07-26 23:46:00,171 - get_image_description - INFO - [Data ID: 00000340] Generated description: This is a screenshot of an application interface, specifically the settings page. The main purpose seems to be for managing user preferences and account settings. The top
2024-07-26 23:46:05,171 - get_image_description - INFO - [Data ID: 00000342] Generated description: This screenshot appears to be from a mobile device displaying the news section of a website or app named 'nola'. The layout is vertical, featuring several
2024-07-26 23:46:10,166 - get_image_description - INFO - [Data ID: 00000344] Generated description: This screenshot appears to be of a mobile application interface designed for adding a new playlist. The top bar contains icons that suggest functionalities related to social media sharing
2024-07-26 23:46:15,142 - get_image_description - INFO - [Data ID: 00000346] Generated description: This image appears to be a screenshot of an app interface, specifically a gallery showcasing different styles of eye makeup. The title at the top reads 'Eye
2024-07-26 23:46:20,121 - get_image_description - INFO - [Data ID: 00000348] Generated description: This image appears to be a screenshot of a mobile device's settings menu. The screen is divided into sections with various settings options listed vertically. At the
2024-07-26 23:46:25,115 - get_image_description - INFO - [Data ID: 00000350] Generated description: This is a screenshot of a mobile application feedback page. The main purpose of this page is to gather user feedback on the Holy Bible - King James Version
2024-07-26 23:46:30,103 - get_image_description - INFO - [Data ID: 00000352] Generated description: This is a screenshot of the settings page of an application. It includes various options that users can interact with. Starting from the top, we see icons
2024-07-26 23:46:35,077 - get_image_description - INFO - [Data ID: 00000354] Generated description: This screenshot appears to be from a mobile music player application displaying Justin Bieber's album "Under The Mistletoe." The screen is currently playing the
2024-07-26 23:46:40,050 - get_image_description - INFO - [Data ID: 00000356] Generated description: This is a screenshot of an application interface, possibly related to mood tracking or a similar theme. The main content area displays the words 'YOUR MOOD
2024-07-26 23:46:45,074 - get_image_description - INFO - [Data ID: 00000358] Generated description: This screenshot appears to be of a mobile device displaying a Google account login page. The main elements include a placeholder profile picture icon, a text field with
2024-07-26 23:46:50,080 - get_image_description - INFO - [Data ID: 00000360] Generated description: This is a screenshot of a sign-up interface on a mobile device. At the top, there are various icons indicating battery life, signal strength, and
2024-07-26 23:46:55,069 - get_image_description - INFO - [Data ID: 00000362] Generated description: This is a screenshot of the mobile application interface for the online retail company 'Jet'. The app displays various navigation options including 'Home', 'Shop by
2024-07-26 23:47:00,047 - get_image_description - INFO - [Data ID: 00000364] Generated description: This is a screenshot of an advertisement for an application named 'Science Journal', which is available on Google Play. The dominant color in the image is purple
2024-07-26 23:47:05,044 - get_image_description - INFO - [Data ID: 00000366] Generated description: This screenshot appears to be from a mobile app displaying team statistics and recent game results for the Utah Jazz, an NBA team in the Northwest Division. Key
2024-07-26 23:47:10,020 - get_image_description - INFO - [Data ID: 00000368] Generated description: This image shows a screenshot of an application named 'Pro Metronome'. The main purpose of this app seems to be to help users practice playing music
2024-07-26 23:47:14,995 - get_image_description - INFO - [Data ID: 00000370] Generated description: This image appears to be a screenshot of a mobile device displaying a virtual keyboard interface, likely used for English language input. At the top, there are
2024-07-26 23:47:19,967 - get_image_description - INFO - [Data ID: 00000372] Generated description: This appears to be a screenshot of a mobile application interface. The app seems to be related to sports or an event arena, as indicated by the menu
2024-07-27 00:17:43,848 - get_image_description - INFO - [Data ID: 00000002] Generated description: This is a screenshot of a mobile device displaying the Google Play Newsstand app interface at 6:15 with a temperature reading of 57°F in
2024-07-27 00:17:48,911 - get_image_description - INFO - [Data ID: 00000004] Generated description: This is a screenshot of an editing application interface on a mobile device. At the top, there's a navigation bar with back and forward arrows, as
2024-07-27 00:17:53,970 - get_image_description - INFO - [Data ID: 00000006] Generated description: This is a screenshot of a mobile application interface named 'Music Player Pro'. At the top, there are navigation options such as 'SONGS', '
2024-07-27 00:17:59,033 - get_image_description - INFO - [Data ID: 00000008] Generated description: This is a screenshot of an application interface on a mobile device, likely Android given the visual cues.

At the top left corner, there's a back
2024-07-27 00:18:04,102 - get_image_description - INFO - [Data ID: 00000010] Generated description: This appears to be a screenshot of a mobile web browser displaying a webpage from Sears Hometown Stores. The URL bar at the top shows that the website
2024-07-27 00:18:09,147 - get_image_description - INFO - [Data ID: 00000012] Generated description: This is a screenshot of a mobile application displaying Genesis 1 from the Bible. The interface includes navigation icons at the top left and right corners, indicating
2024-07-27 00:18:14,192 - get_image_description - INFO - [Data ID: 00000014] Generated description: This is a screenshot of an educational mobile application interface titled 'Learn words'. The user appears to be on the first module out of three under the topic
2024-07-27 00:18:19,261 - get_image_description - INFO - [Data ID: 00000016] Generated description: This is a screenshot of an educational mobile application interface named 'SpeedGrader'. On the left side, there's a vertical navigation menu with various options
2024-07-27 00:18:24,305 - get_image_description - INFO - [Data ID: 00000018] Generated description: This is a screenshot of an English-Chinese dictionary application named 'Bravolol'. At the top, there's a search bar with the word
2024-07-27 00:18:29,337 - get_image_description - INFO - [Data ID: 00000020] Generated description: This is a screenshot of an application interface with a white background featuring a prominent pink heart-shaped play button symbol in the center. Below the symbol, there
2024-07-27 00:18:34,378 - get_image_description - INFO - [Data ID: 00000022] Generated description: This is a screenshot of a mobile device displaying a digital version of the Bible, specifically Genesis chapter 1. The interface shows text from verses 1
2024-07-27 00:18:39,433 - get_image_description - INFO - [Data ID: 00000024] Generated description: This is a screenshot of an application interface titled 'Mix Audio With Video'. It appears to be a platform where users can combine audio tracks with video clips
2024-07-27 00:18:44,473 - get_image_description - INFO - [Data ID: 00000026] Generated description: This is a screenshot of an English to Arabic translation application interface on a mobile device. At the top, there are various icons indicating functionalities like sharing on
2024-07-27 00:18:49,521 - get_image_description - INFO - [Data ID: 00000028] Generated description: This is a screenshot of a mobile application interface displaying content related to Walgreens ads.

At the top, there are icons that likely represent functions like sharing
2024-07-27 00:18:54,561 - get_image_description - INFO - [Data ID: 00000030] Generated description: This is a screenshot of an application interface that appears to be related to creating or customizing photo countdown timers.

At the top, there are icons suggesting
2024-07-27 00:18:59,621 - get_image_description - INFO - [Data ID: 00000032] Generated description: This is a screenshot of an application interface titled 'Horoscope.com'. At the top, there's a greeting that says 'Hello Aries' alongside
2024-07-27 00:19:04,685 - get_image_description - INFO - [Data ID: 00000034] Generated description: This is a screenshot of an app interface for 'Upper Deck', which appears to be related to collectible cards, possibly hockey cards given the prominent image
2024-07-27 00:19:09,721 - get_image_description - INFO - [Data ID: 00000036] Generated description: This is a screenshot of a web browser on a mobile device displaying a website with the URL 'www.searshometownstores.cor'. The top
2024-07-27 00:19:14,753 - get_image_description - INFO - [Data ID: 00000038] Generated description: This is a screenshot of a mobile application interface displaying categories under the 'Popular' tab. The categories listed include 'Wise Words', 'Marriage
2024-07-27 00:19:19,824 - get_image_description - INFO - [Data ID: 00000040] Generated description: This is a screenshot of an 'About' section from what appears to be a mobile application or website interface. At the top, there are various icons
2024-07-27 00:19:24,856 - get_image_description - INFO - [Data ID: 00000042] Generated description: This is a screenshot of an application named 'eat this much'. At the top, there are icons for social media platforms like Facebook and Instagram, along
2024-07-27 00:19:29,886 - get_image_description - INFO - [Data ID: 00000044] Generated description: This is a screenshot of a mobile device displaying a news article from an online platform named 'BuzzFeed'. The article is categorized under 'SPACE' and
2024-07-27 00:19:34,920 - get_image_description - INFO - [Data ID: 00000046] Generated description: This is a screenshot from an online shopping platform named 'ZALORA'. The page displayed seems to be part of their catalog section, showing various products
2024-07-27 00:19:38,501 - get_image_description - INFO - [Data ID: 00000048] Generated description: This is a screenshot of an application interface titled 'W
2024-07-27 00:19:43,527 - get_image_description - INFO - [Data ID: 00000050] Generated description: This is a screenshot of a webpage from DIRECTV's website, specifically the account creation page. It prompts users to verify their account using various methods such
2024-07-27 00:19:48,566 - get_image_description - INFO - [Data ID: 00000052] Generated description: This is a screenshot of an application interface for the 'Rich Thomas Weather Network'. At the top, there's a banner with the network's name against
2024-07-27 00:19:53,593 - get_image_description - INFO - [Data ID: 00000054] Generated description: This is a screenshot of an application interface that appears to be designed for navigation and location tracking. The top section displays the current GPS status with coordinates for
2024-07-27 00:19:58,681 - get_image_description - INFO - [Data ID: 00000056] Generated description: This is a screenshot of an article from The New York Times website, specifically from their Opinion section. The article is titled 'What Happens When Women
2024-07-27 00:20:03,731 - get_image_description - INFO - [Data ID: 00000058] Generated description: This is an 'Account Settings' screen for an application named 'Joel'. It displays user account information such as email, first name, last name
2024-07-27 00:20:08,772 - get_image_description - INFO - [Data ID: 00000060] Generated description: This is a screenshot of an application interface, specifically for shopping within the category of 'Shoes'. The top bar has icons that likely represent social media
2024-07-27 00:20:13,836 - get_image_description - INFO - [Data ID: 00000062] Generated description: This is a screenshot of a mobile application interface for 'Talking Tom and Friends'. At the top, there are icons for sharing on social media platforms like
2024-07-27 00:20:18,906 - get_image_description - INFO - [Data ID: 00000064] Generated description: This is a screenshot of an application named 'Robin Help Topics' displayed on a mobile device. The interface features various categories represented by icons and text labels
2024-07-27 00:20:23,942 - get_image_description - INFO - [Data ID: 00000066] Generated description: This is a screenshot of an application interface titled 'connections' that appears to be related to a rewards program for a theater chain.

Here are the main
2024-07-27 00:20:28,999 - get_image_description - INFO - [Data ID: 00000068] Generated description: This is a screenshot of a mobile device keyboard displayed over a social media post interface for Facebook. At the top, there are various icons likely representing different
2024-07-27 00:20:34,066 - get_image_description - INFO - [Data ID: 00000070] Generated description: This is a screenshot of a weather application interface on a mobile device. The top bar displays various icons such as settings, notifications, battery level, and
2024-07-27 00:20:39,093 - get_image_description - INFO - [Data ID: 00000072] Generated description: This is a screenshot of an interface for a movie streaming service named 'MovieBox'. The main focus is on the movie titled 'Baahubali
2024-07-27 00:20:44,126 - get_image_description - INFO - [Data ID: 00000074] Generated description: This is a screenshot of an interactive mobile application interface titled 'Talking Kevin'. The main visual element is a green animated parrot named Kevin, who appears
2024-07-27 00:20:49,165 - get_image_description - INFO - [Data ID: 00000076] Generated description: This is a screenshot of a mobile application interface displaying a recipe for a green smoothie labeled '#Detox Green Smoot...'. The drink appears to
2024-07-27 00:20:54,233 - get_image_description - INFO - [Data ID: 00000078] Generated description: This is a screenshot of an application interface titled 'Joel’s TV Network'. At the top, there are various icons that likely represent different functionalities such
2024-07-27 00:20:59,263 - get_image_description - INFO - [Data ID: 00000080] Generated description: This is a screenshot of an application interface with a dark theme background featuring various icons representing different functionalities.

At the top left corner, there's an avatar
2024-07-27 00:21:04,296 - get_image_description - INFO - [Data ID: 00000082] Generated description: This is a screenshot of a mobile website interface for NBC4's community engagement platform powered by Allstate. The top banner displays the NBC4 logo alongside
2024-07-27 00:21:09,342 - get_image_description - INFO - [Data ID: 00000084] Generated description: This is a screenshot of a mobile weather application interface. At the top, there's an advertisement banner asking 'Are you buying a new home?' with
2024-07-27 00:21:14,397 - get_image_description - INFO - [Data ID: 00000086] Generated description: This is a screenshot of an English-Spanish translation app interface at step 2 out of 10. The user has inputted the Spanish phrase
2024-07-27 00:21:19,427 - get_image_description - INFO - [Data ID: 00000088] Generated description: This is a screenshot of an app interface for Cinemark at the Empire theater chain. The top bar has icons for social media sharing, search functionality,
2024-07-27 00:21:24,459 - get_image_description - INFO - [Data ID: 00000090] Generated description: This is a screenshot of an application interface titled 'Live sky chart'. At the top, there are icons that likely represent different functionalities or sections within the
2024-07-27 00:21:29,517 - get_image_description - INFO - [Data ID: 00000092] Generated description: This is a screenshot of an interface for a movie streaming service, specifically showcasing details about the film 'Baahubali'. At the top, there
2024-07-27 00:21:34,556 - get_image_description - INFO - [Data ID: 00000094] Generated description: This is a screenshot of an application named 'MrRoccoTeam'. At the top, there are icons for sharing on social media platforms such as Facebook
2024-07-27 00:21:39,580 - get_image_description - INFO - [Data ID: 00000096] Generated description: This is a screenshot of an application interface titled 'Breathe2Relax'. The top bar has icons for social media sharing and other functions,
2024-07-27 00:21:44,595 - get_image_description - INFO - [Data ID: 00000098] Generated description: This is a screenshot of an online learning platform displaying content related to Java programming language. At the top, there are navigation icons and the title 'Introduction
2024-07-27 00:21:49,639 - get_image_description - INFO - [Data ID: 00000100] Generated description: This is a screenshot of an application named 'Robin' on a mobile device. The interface displays various categories that users can select from, each represented by
2024-07-27 00:21:54,682 - get_image_description - INFO - [Data ID: 00000102] Generated description: This is a screenshot of an app interface titled 'connections'. At the top, there's a navigation bar with icons for social media platforms like Facebook and
2024-07-27 00:21:59,743 - get_image_description - INFO - [Data ID: 00000104] Generated description: This is a screenshot of an app interface titled 'Healthy Weight Loss Recipes'. It appears to be designed for mobile devices, judging by the layout and the
2024-07-27 00:22:04,763 - get_image_description - INFO - [Data ID: 00000106] Generated description: This is a screenshot of an advertisement on what appears to be a mobile device interface. The ad promotes psychic readings with the headline "Experience the POWER!"
2024-07-27 00:22:09,833 - get_image_description - INFO - [Data ID: 00000108] Generated description: This is a screenshot of an application interface, likely designed for religious study or reference purposes. The top bar displays icons that suggest social media sharing options,
2024-07-27 00:22:14,870 - get_image_description - INFO - [Data ID: 00000110] Generated description: This is a screenshot of an application interface named 'TriMet Go'. At the top left corner, there are icons that likely represent sharing options via social
2024-07-27 00:22:19,900 - get_image_description - INFO - [Data ID: 00000112] Generated description: This is a screenshot of settings from a media player application on a mobile device. It displays various configuration options including directories for media library selection, hardware acceleration
2024-07-27 00:22:24,941 - get_image_description - INFO - [Data ID: 00000114] Generated description: This is a screenshot of an educational mobile application interface titled 'Choose a path'. It offers two options for users to select based on their current proficiency in
2024-07-27 00:22:30,002 - get_image_description - INFO - [Data ID: 00000116] Generated description: This is a screenshot of an application interface for 'Eat This Much'. At the top, there are icons indicating various functionalities such as sharing via Facebook,
2024-07-27 00:22:35,025 - get_image_description - INFO - [Data ID: 00000118] Generated description: This is a screenshot of an Android mobile device's keyboard interface while it's being used to fill out a contact form on an application named 'Paych
2024-07-27 00:22:40,050 - get_image_description - INFO - [Data ID: 00000120] Generated description: This is a screenshot of an account registration page from a mobile application named 'Samsumg Pay'. The top section contains various icons, possibly representing social
2024-07-27 00:22:45,082 - get_image_description - INFO - [Data ID: 00000122] Generated description: This is a screenshot of an app interface titled 'Set a practice reminder time'. It displays three time options at the top: '11:00 AM
2024-07-27 00:22:50,150 - get_image_description - INFO - [Data ID: 00000124] Generated description: This is a screenshot of a mobile device's video gallery application interface. It displays multiple video files organized by their thumbnails, names, durations, and file
2024-07-27 00:22:55,171 - get_image_description - INFO - [Data ID: 00000126] Generated description: This is a screenshot of a mobile application interface displaying text written in the Devanagari script, commonly used for languages such as Hindi and Marathi
2024-07-27 00:23:00,195 - get_image_description - INFO - [Data ID: 00000128] Generated description: This is a screenshot of an educational mobile application interface titled 'Quick Quizzes'. The user has selected the topic 'Common Errors' from a dropdown menu
2024-07-27 00:23:05,299 - get_image_description - INFO - [Data ID: 00000130] Generated description: This is a screenshot of an application interface named 'Horoscope.com'. The main theme appears to be astrological, with a focus on horoscopes
2024-07-27 00:23:10,398 - get_image_description - INFO - [Data ID: 00000132] Generated description: This is a screenshot of an application interface on a mobile device, specifically from the category named 'Interesting'. The screen displays four categories listed vertically: P
2024-07-27 00:23:15,466 - get_image_description - INFO - [Data ID: 00000134] Generated description: This is a screenshot of an application interface with a countdown timer feature prominently displayed. The timer shows 5 hours remaining before an event scheduled for 5
2024-07-27 00:23:20,543 - get_image_description - INFO - [Data ID: 00000136] Generated description: This is a screenshot of an application interface on a mobile device with a red theme. At the top, there are various icons likely representing different functionalities such
2024-07-27 00:23:25,644 - get_image_description - INFO - [Data ID: 00000138] Generated description: This image appears to be a screenshot of a mobile weather application interface. The top bar contains navigation icons and shows the current temperature as 65°F with
2024-07-27 00:23:30,712 - get_image_description - INFO - [Data ID: 00000140] Generated description: This image appears to show a screenshot of a web browser opened to a webpage from DirectTV's Indian website (https://www.directv.com/m/
2024-07-27 00:23:35,769 - get_image_description - INFO - [Data ID: 00000142] Generated description: This is a screenshot of an application named 'naked apartments'. The top bar displays various icons that likely represent functionalities such as notifications, settings, or
2024-07-27 00:23:40,826 - get_image_description - INFO - [Data ID: 00000144] Generated description: This is a screenshot of an airline booking application interface displaying flight selection results for the dates February 17th to 19th. The page shows that
2024-07-27 00:23:45,929 - get_image_description - INFO - [Data ID: 00000146] Generated description: This is a screenshot of an application interface on a mobile device. The app appears to be related to earthquake preparedness or information, given the title '
2024-07-27 00:23:50,987 - get_image_description - INFO - [Data ID: 00000148] Generated description: This is a screenshot of an online shopping website from Sears Hometown Stores, as indicated by the URL at the top. The website has a blue header
2024-07-27 00:23:56,044 - get_image_description - INFO - [Data ID: 00000150] Generated description: This is a screenshot of an application interface for 'Topps NHL Skate 17'. At the top, there are various icons likely representing different functionalities or
2024-07-27 00:24:01,119 - get_image_description - INFO - [Data ID: 00000152] Generated description: This appears to be a screenshot of a mobile device interface showing an active search within an application named 'LyricsFlow'. At the top, there are
2024-07-27 00:24:06,206 - get_image_description - INFO - [Data ID: 00000154] Generated description: This is a screenshot of an application interface titled 'Notes'. At the top, there are icons for sharing via Facebook, email, and other platforms,
2024-07-27 00:24:11,281 - get_image_description - INFO - [Data ID: 00000156] Generated description: This is a screenshot of an educational mobile application interface named 'SpeedGrader'. The screen displays various menu options including Dashboard, Notifications, To-Do
2024-07-27 00:24:16,331 - get_image_description - INFO - [Data ID: 00000158] Generated description: This is a screenshot of an event countdown application interface on a mobile device. The top section displays the title 'Cool Event' along with two date and
2024-07-27 00:24:21,412 - get_image_description - INFO - [Data ID: 00000160] Generated description: This is a screenshot of an English language learning mobile application named 'Quick Quizzes'. The user has achieved a score of 20 out of 10
2024-07-27 00:24:26,502 - get_image_description - INFO - [Data ID: 00000162] Generated description: This is a screenshot of an app interface titled 'Horoscope.com'. At the top, there's information about the zodiac sign 'Aries',
2024-07-27 00:24:31,571 - get_image_description - INFO - [Data ID: 00000164] Generated description: This is a screenshot of a mobile application interface titled 'Carpenter’s Trade'. The top bar has icons for social media platforms like Facebook, Instagram
2024-07-27 00:24:36,625 - get_image_description - INFO - [Data ID: 00000166] Generated description: This is a screenshot of an application interface with a title bar at the top displaying icons for social media sharing (Facebook and others) and settings (represented
2024-07-27 00:24:41,718 - get_image_description - INFO - [Data ID: 00000168] Generated description: This is a screenshot of a mobile application interface titled 'Plants vs Zombies 2'. At the top, there are icons for sharing via Facebook and
2024-07-27 00:24:46,815 - get_image_description - INFO - [Data ID: 00000170] Generated description: This is a screenshot of a mobile application interface displaying a sign-in page.

At the top left corner, there's a back arrow icon indicating navigation functionality
2024-07-27 00:24:51,873 - get_image_description - INFO - [Data ID: 00000172] Generated description: This is a screenshot of an application named 'InstaCare' which appears to be related to mobile services provided by Reliance. The user interface includes
2024-07-27 00:24:56,942 - get_image_description - INFO - [Data ID: 00000174] Generated description: This is a screenshot of a music player application interface on a mobile device. The top bar displays various icons such as social media platforms like Facebook and Twitter
2024-07-27 00:25:02,049 - get_image_description - INFO - [Data ID: 00000176] Generated description: This is a screenshot of an Android device's interface showing an open file selection dialog box titled 'Open from'. The user appears to be selecting where to
2024-07-27 00:25:07,116 - get_image_description - INFO - [Data ID: 00000178] Generated description: This is a screenshot of a mobile application interface titled 'Weight'. At the top, there are icons for sharing via Facebook, Instagram, and other platforms
2024-07-27 00:25:12,182 - get_image_description - INFO - [Data ID: 00000180] Generated description: This is a screenshot of an application named'myTuner'. At the top, there's a red bar with various icons that seem to represent social
2024-07-27 00:25:17,243 - get_image_description - INFO - [Data ID: 00000182] Generated description: This is a screenshot from a mobile application that displays dictionary results for the word "speech." The top section shows pronunciation guides for both American English and British
2024-07-27 00:25:22,325 - get_image_description - INFO - [Data ID: 00000184] Generated description: This is a screenshot of an application interface for the Louisiana Purchase EBT Card. At the top, there's an image of the card itself with the
2024-07-27 00:25:27,381 - get_image_description - INFO - [Data ID: 00000186] Generated description: This is a screenshot of an online quiz interface titled 'Introduction to Java'. It appears to be question 1 out of 2, as indicated by
2024-07-27 00:25:32,437 - get_image_description - INFO - [Data ID: 00000188] Generated description: This is a screenshot of an application interface focused on palmistry, specifically on the study of lines on the human hand. At the top, there are
2024-07-27 00:25:37,514 - get_image_description - INFO - [Data ID: 00000190] Generated description: This image appears to show a screenshot of an application named 'MP3 Cutter Pro' on a mobile device. The main focus of the application seems to
2024-07-27 00:25:42,595 - get_image_description - INFO - [Data ID: 00000192] Generated description: This is a screenshot of an app interface titled 'Healthy Weight Loss Recipes'. It has a grid layout with six circular buttons showcasing different categories of recipes:


2024-07-27 00:25:47,669 - get_image_description - INFO - [Data ID: 00000194] Generated description: This is a screenshot of a mobile application interface displaying content in the Gujarati language. The top bar shows various icons such as social media sharing options like
2024-07-27 00:25:52,732 - get_image_description - INFO - [Data ID: 00000196] Generated description: This is a screenshot of an application interface titled 'Breathe2Relax'. At the top, there are icons that likely represent sharing options or
2024-07-27 00:25:57,822 - get_image_description - INFO - [Data ID: 00000198] Generated description: This is a screenshot of an Android device displaying an audio file management application named 'Audio Recorder Pro'. The screen shows a list of recorded audio files with
2024-07-27 00:26:02,793 - get_image_description - INFO - [Data ID: 00000200] Generated description: This is a screenshot of an application interface titled "My baby’s name". It appears to assist expecting parents in choosing a name for their unborn child.


2024-07-27 00:26:07,747 - get_image_description - INFO - [Data ID: 00000202] Generated description: This is a screenshot of an application interface titled 'My Favorites'. The page displays a message indicating that no favorites have been made yet. Users are instructed
2024-07-27 00:26:12,707 - get_image_description - INFO - [Data ID: 00000204] Generated description: This is a screenshot of an application interface focused on palmistry, which is the study of the lines, shapes, and symbols on one's hand believed
2024-07-27 00:26:17,696 - get_image_description - INFO - [Data ID: 00000206] Generated description: This is a screenshot of a mobile application interface for NBC News 4. The top bar has icons indicating functions like sharing via Facebook, email, and
2024-07-27 00:26:22,661 - get_image_description - INFO - [Data ID: 00000208] Generated description: This is a screenshot of an application interface titled 'Joel'. The app appears to be related to religious or spiritual content, given the presence of features
2024-07-27 00:26:27,625 - get_image_description - INFO - [Data ID: 00000210] Generated description: This is a screenshot of the 'Bible Gateway' mobile application interface. It features various functionalities related to Bible reading and study:

1. At the
2024-07-27 00:26:32,575 - get_image_description - INFO - [Data ID: 00000212] Generated description: This is a screenshot of a mobile application interface titled 'Color theme'. It appears to be a customization feature within an app where users can select a color
2024-07-27 00:26:37,564 - get_image_description - INFO - [Data ID: 00000214] Generated description: This is a screenshot of an application interface titled 'Guest Mode' with a blue header bar displaying various icons such as Wi-Fi signal strength, battery life
2024-07-27 00:26:42,518 - get_image_description - INFO - [Data ID: 00000216] Generated description: This is a screenshot of an application interface titled 'History' from what appears to be a mobile device given the layout and design elements typical of such interfaces
2024-07-27 00:26:47,473 - get_image_description - INFO - [Data ID: 00000218] Generated description: This is a screenshot of a mobile application interface displaying a page for Adidas. At the top, there's a navigation bar with icons for sharing on social
2024-07-27 00:26:52,434 - get_image_description - INFO - [Data ID: 00000220] Generated description: This is a screenshot of an application interface, likely from a mobile device given the layout and design elements. The primary function appears to be related to reading
2024-07-27 00:26:57,431 - get_image_description - INFO - [Data ID: 00000222] Generated description: This is a screenshot of an application named 'Fusion GPS' that appears to be used for navigation and geographical information. The main elements include:

1
2024-07-27 00:27:02,392 - get_image_description - INFO - [Data ID: 00000224] Generated description: This is a screenshot of a mobile device displaying a weather forecast application interface. The top bar shows various icons likely representing different functionalities or sections of the app
2024-07-27 00:27:07,352 - get_image_description - INFO - [Data ID: 00000226] Generated description: This is a screenshot of a mobile application interface titled 'WELCOME'. At the top, there are icons that likely represent sharing options via Facebook and other
2024-07-27 00:27:12,325 - get_image_description - INFO - [Data ID: 00000228] Generated description: This is a screenshot of a mobile application interface displaying a search bar with the text 'FROM sa'. Below the search bar are several airport codes listed as
2024-07-27 00:27:17,317 - get_image_description - INFO - [Data ID: 00000230] Generated description: This is a screenshot of a smartphone home screen displaying various app icons. The background features close-up photographs of nails painted with a shimmering purple polish.
2024-07-27 00:27:22,278 - get_image_description - INFO - [Data ID: 00000232] Generated description: This image appears to be a screenshot of a mobile application interface showcasing details about the movie 'Baahubali'. At the top, there are icons
2024-07-27 00:27:27,228 - get_image_description - INFO - [Data ID: 00000234] Generated description: This is a screenshot of an app interface named 'connections'. The main color theme is red and black. At the top, there are icons suggesting social
2024-07-27 00:27:32,211 - get_image_description - INFO - [Data ID: 00000236] Generated description: This is a screenshot of an application interface that prompts users to install Google Voice Search for voice input functionality. The screen displays two main messages:

1.
2024-07-27 00:27:37,223 - get_image_description - INFO - [Data ID: 00000238] Generated description: This is a screenshot of an application interface titled 'Hours of Service Rules'. It appears to be designed for drivers to understand and navigate through various exceptions related
2024-07-27 00:27:42,230 - get_image_description - INFO - [Data ID: 00000240] Generated description: This is a screenshot of an application's preferences page on a mobile device. The top section includes settings like 'Sounds', which is turned on, and
2024-07-27 00:27:47,225 - get_image_description - INFO - [Data ID: 00000242] Generated description: This is a screenshot of an application interface on a mobile device, likely designed for text-based interactions or presentations. At the top, there are icons that
2024-07-27 00:27:52,264 - get_image_description - INFO - [Data ID: 00000244] Generated description: This is a screenshot of an application named 'LINEUPS', which appears to be related to sports betting or fantasy sports, given the context of point spreads
2024-07-27 00:27:57,279 - get_image_description - INFO - [Data ID: 00000246] Generated description: This is a screenshot of an Android device displaying a translation application interface with Arabic text at the top center, indicating it might be translating from or into Arabic
2024-07-27 00:28:02,285 - get_image_description - INFO - [Data ID: 00000248] Generated description: This is a screenshot of an application interface with several elements visible:

1. **Title Bar**: At the top, there is a title bar displaying icons
2024-07-27 00:28:07,305 - get_image_description - INFO - [Data ID: 00000250] Generated description: This is a screenshot of an application interface titled 'Truth or Dare'. At the top, there's a navigation bar with various icons indicating functionalities like sharing
2024-07-27 00:28:12,359 - get_image_description - INFO - [Data ID: 00000252] Generated description: This is a screenshot of an application interface titled 'My Diet Coach'. The main color theme appears to be shades of pink and green. At the top
2024-07-27 00:28:17,376 - get_image_description - INFO - [Data ID: 00000254] Generated description: This is a screenshot of an application interface for a metronome named "Pro Metronome". The main purpose of this application is to assist users
2024-07-27 00:28:22,381 - get_image_description - INFO - [Data ID: 00000256] Generated description: This is a screenshot of an application interface titled 'Waypoint Map'. At the top, there are icons suggesting functionalities related to sharing on social media platforms
2024-07-27 00:28:27,397 - get_image_description - INFO - [Data ID: 00000258] Generated description: This appears to be a login page for an application named 'Wickr Me'. At the top, there are multiple Facebook icons lined up horizontally,
2024-07-27 00:28:32,447 - get_image_description - INFO - [Data ID: 00000260] Generated description: This is a screenshot of a mobile application displaying information about a 2016 BMW 4 Series car for sale. The car is priced at $41
2024-07-27 00:28:37,456 - get_image_description - INFO - [Data ID: 00000262] Generated description: This is a screenshot of an application interface titled 'Practice'. It appears to be designed for language learning, with tabs labeled 'ARTICLES', 'PH
2024-07-27 00:28:42,473 - get_image_description - INFO - [Data ID: 00000264] Generated description: This is a screenshot of an application named 'LINEUPS' displayed on a mobile device.

At the top, there are various icons that likely represent different
2024-07-27 00:28:47,491 - get_image_description - INFO - [Data ID: 00000266] Generated description: This is a screenshot of an application interface titled 'Create Prank Chat'. At the top, there are icons likely representing different functionalities such as sharing or
2024-07-27 00:28:52,520 - get_image_description - INFO - [Data ID: 00000268] Generated description: This is a screenshot of an application interface titled 'Find Plane'. The main purpose appears to be for locating airplanes on a map.

At the top,
2024-07-27 00:28:57,533 - get_image_description - INFO - [Data ID: 00000270] Generated description: This is a screenshot of an application interface titled 'Dog Sounds'. At the top, there are icons that likely represent sharing options on various social media platforms
2024-07-27 00:29:02,552 - get_image_description - INFO - [Data ID: 00000272] Generated description: This is a screenshot of an application interface titled 'Tenderness'. It appears to be from a mobile device given the layout and design elements typical of
2024-07-27 00:29:07,587 - get_image_description - INFO - [Data ID: 00000274] Generated description: This is a screenshot of an application settings page titled 'Flashlight'. It appears to be designed for an Android device given the typical navigation icons at the
2024-07-27 00:29:12,617 - get_image_description - INFO - [Data ID: 00000276] Generated description: This is a screenshot of a mobile application interface titled 'Near Me'. It appears to be designed for locating places or services within a specific vicinity, as
2024-07-27 00:29:17,640 - get_image_description - INFO - [Data ID: 00000278] Generated description: This is a screenshot of a mobile application interface displaying a map centered on San Francisco, California. The map is part of Google Maps, as indicated by
2024-07-27 00:29:22,663 - get_image_description - INFO - [Data ID: 00000280] Generated description: This is a screenshot of an audio editing application interface on a mobile device. At the top, there are icons that likely represent sharing options through different platforms
2024-07-27 00:29:27,700 - get_image_description - INFO - [Data ID: 00000282] Generated description: This is a screenshot of an application interface with various options listed vertically along the left side:

1. Home
2. Arena
3. Schedule

2024-07-27 00:29:32,727 - get_image_description - INFO - [Data ID: 00000284] Generated description: This is a screenshot of an application interface with two main buttons at the top: one red button labeled 'Create New Prank Chat' and another blue
2024-07-27 00:29:37,711 - get_image_description - INFO - [Data ID: 00000286] Generated description: This is a screenshot of an settings page for weather notifications on a mobile device. It appears to belong to an application related to weather updates, likely designed
2024-07-27 00:29:42,731 - get_image_description - INFO - [Data ID: 00000288] Generated description: This is a screenshot of a mobile application interface displaying a world map with various icons on the top bar indicating functionalities like sharing, searching, settings, and
2024-07-27 00:29:47,769 - get_image_description - INFO - [Data ID: 00000290] Generated description: This is a screenshot of an application interface titled '100+ Detox Drinks'. The app appears to offer a variety of detox drink recipes.

The main
2024-07-27 00:29:52,773 - get_image_description - INFO - [Data ID: 00000292] Generated description: This is a screenshot of an exercise application interface showing the second exercise in a series of ten, titled "Overhead Press" targeting the shoulders and b
2024-07-27 00:29:57,779 - get_image_description - INFO - [Data ID: 00000294] Generated description: This is a screenshot of an application interface titled 'Map'. The map appears to be powered by Google Maps, displaying North America with countries like Canada,
2024-07-27 00:30:02,769 - get_image_description - INFO - [Data ID: 00000296] Generated description: This is a screenshot of a mobile application interface prompting the user to log in using Facebook. The top bar has various icons indicating connectivity status and battery level
2024-07-27 00:30:07,800 - get_image_description - INFO - [Data ID: 00000298] Generated description: This is a screenshot of a mobile application interface for 'jet.com'. At the top, there are various icons indicating functionalities like sharing on social media platforms
2024-07-27 00:30:12,798 - get_image_description - INFO - [Data ID: 00000300] Generated description: This is a screenshot of an application interface focused on tracking squat exercises. The top bar displays social media icons and a clock showing 7:20.
2024-07-27 00:30:17,792 - get_image_description - INFO - [Data ID: 00000302] Generated description: This is a screenshot of a mobile application interface displaying an episode from a podcast titled "Something You Should Know." The episode is dated April 11th
2024-07-27 00:30:22,801 - get_image_description - INFO - [Data ID: 00000304] Generated description: This is a screenshot of a news webpage from 'WAVE 3 NEWS'. At the top, there are navigation options including 'HOME', 'NEWS
2024-07-27 00:30:27,842 - get_image_description - INFO - [Data ID: 00000306] Generated description: This is a screenshot of the mobile interface for an online shopping platform named 'Jet'. At the top, there's a purple banner displaying the app's
2024-07-27 00:30:32,855 - get_image_description - INFO - [Data ID: 00000308] Generated description: This is a screenshot of a mobile application interface titled 'Radio France'. At the top, there are various icons that likely represent functions such as sharing on
2024-07-27 00:30:37,863 - get_image_description - INFO - [Data ID: 00000310] Generated description: This is a screenshot of an application interface titled 'Noom Coach'. The primary function appears to be related to weight tracking or assessment, as indicated by
2024-07-27 00:30:42,880 - get_image_description - INFO - [Data ID: 00000312] Generated description: This is a screenshot of a mobile application displaying a map centered around the southeastern part of Kansas and northeastern Oklahoma. The map shows various cities such as Wichita
2024-07-27 00:30:47,900 - get_image_description - INFO - [Data ID: 00000314] Generated description: This is a screenshot of an application interface titled 'Fuel & Deals'. At the top, there are icons for social media platforms like Facebook and Instagram,
2024-07-27 00:30:52,896 - get_image_description - INFO - [Data ID: 00000316] Generated description: This is a screenshot from an application named 'Baby Chakra'. The main theme appears to be related to parenting or expecting a baby, as indicated by
2024-07-27 00:30:57,894 - get_image_description - INFO - [Data ID: 00000318] Generated description: This appears to be a screenshot of a mobile application interface titled 'The Name Generator'. The main purpose seems to be generating names based on a formula that
2024-07-27 00:31:02,912 - get_image_description - INFO - [Data ID: 00000320] Generated description: This is a screenshot of an online shopping platform displaying search results for 'blue diamond almonds'. There are two products listed under 'Blue Diamond Almonds',
2024-07-27 00:31:07,936 - get_image_description - INFO - [Data ID: 00000322] Generated description: This is a screenshot of an application named Voxofon. At the top, there are icons for social media platforms such as Facebook, suggesting possible integration
2024-07-27 00:31:12,934 - get_image_description - INFO - [Data ID: 00000324] Generated description: This is a screenshot of a mobile device's home screen with various icons and applications displayed. At the top, there are multiple app icons, possibly representing
2024-07-27 00:31:17,935 - get_image_description - INFO - [Data ID: 00000326] Generated description: This is a screenshot of Taco Bell's mobile application interface. At the top, there are icons for social media platforms like Facebook, along with other icons
2024-07-27 00:31:22,959 - get_image_description - INFO - [Data ID: 00000328] Generated description: This is a screenshot of an application interface for a Holy Bible digital version on a mobile device. The interface includes various menu options such as 'No advertising
2024-07-27 00:31:27,988 - get_image_description - INFO - [Data ID: 00000330] Generated description: This is a screenshot of a mobile application interface displaying social sharing options. At the top, there's a navigation bar with various icons that seem unrelated to
2024-07-27 00:31:32,975 - get_image_description - INFO - [Data ID: 00000332] Generated description: This is a screenshot of an online ticket booking interface for a back trip from Amsterdam Sloterdijk to Aalen on December 10th at 23
2024-07-27 00:31:37,971 - get_image_description - INFO - [Data ID: 00000334] Generated description: This is a screenshot of an account creation page on a mobile application or website. The top bar has navigation icons and the title 'Account'. There are
2024-07-27 00:31:42,992 - get_image_description - INFO - [Data ID: 00000336] Generated description: This is a screenshot of an account creation interface for an application named 'JOEL'. At the top, there's a logo with the word 'JO
2024-07-27 00:31:47,986 - get_image_description - INFO - [Data ID: 00000338] Generated description: This is a screenshot of a mobile application interface for Western Governors University (WGU). At the top, there are icons that likely represent different functionalities such
2024-07-27 00:31:52,976 - get_image_description - INFO - [Data ID: 00000340] Generated description: This is a screenshot of an application's settings page on a mobile device, displaying various options available to the user. At the top, there are icons
2024-07-27 00:31:57,962 - get_image_description - INFO - [Data ID: 00000342] Generated description: This is a screenshot of the 'NOLA.com' website's news feed section on a mobile device. The interface includes various news articles with accompanying images
2024-07-27 00:32:02,998 - get_image_description - INFO - [Data ID: 00000344] Generated description: This is a screenshot of an application interface where users can add a new playlist. At the top, there are navigation icons on the left and right corners
2024-07-27 00:32:08,009 - get_image_description - INFO - [Data ID: 00000346] Generated description: This image appears to be a screenshot of an app interface titled 'Nails.Makeup.Hairstyle'. It showcases various close-up photos of eyes
2024-07-27 00:32:13,011 - get_image_description - INFO - [Data ID: 00000348] Generated description: This is a screenshot of settings from a mobile application or operating system interface. The screen displays various categories that users can tap on for different configurations or features
2024-07-27 00:32:18,022 - get_image_description - INFO - [Data ID: 00000350] Generated description: This is a screenshot of an application feedback page titled 'Holy Bible - King James Version'. It appears to be from a mobile device given the layout and
2024-07-27 00:32:23,035 - get_image_description - INFO - [Data ID: 00000352] Generated description: This is a screenshot of the settings page from an application named 'Waking Life'. The interface includes various options such as 'Training day reminder [PRO
2024-07-27 00:32:28,036 - get_image_description - INFO - [Data ID: 00000354] Generated description: This is a screenshot of a music player interface displaying a song titled 'Best Thing I Ever Get For Christmas' by Justin Bieber from his album 'Under
2024-07-27 00:32:33,041 - get_image_description - INFO - [Data ID: 00000356] Generated description: This is a screenshot of what appears to be a mobile application interface with a dark theme featuring green digital code on the background. The top bar shows various
2024-07-27 00:32:38,062 - get_image_description - INFO - [Data ID: 00000358] Generated description: This is a screenshot of an Android device's keyboard interface open over a Google sign-in page.

At the top, there are icons for sharing options like
2024-07-27 00:32:43,085 - get_image_description - INFO - [Data ID: 00000360] Generated description: This is a screenshot of a sign-up page on an application or website interface. The main purpose is for users to register an account using different methods.


2024-07-27 00:32:48,084 - get_image_description - INFO - [Data ID: 00000362] Generated description: This is a screenshot of a mobile application interface for 'Jet', an online shopping platform. The dominant color scheme is purple and white. At the top
2024-07-27 00:32:53,080 - get_image_description - INFO - [Data ID: 00000364] Generated description: This is a screenshot of an advertisement for an app called 'Science Journal' from Google Play Store. The app seems to be related to science, as
2024-07-27 00:32:58,099 - get_image_description - INFO - [Data ID: 00000366] Generated description: This is a screenshot of an application displaying statistics for the Utah Jazz basketball team within the Northwest Division. The main sections visible include team statistics such as points
2024-07-27 00:33:03,107 - get_image_description - INFO - [Data ID: 00000368] Generated description: This is a screenshot of an application named 'Pro Metronome'. The interface displays various tempo settings, with one highlighted at 300 beats per minute
2024-07-27 00:33:08,112 - get_image_description - INFO - [Data ID: 00000370] Generated description: This is a screenshot of a mobile device displaying an interface for posting content to Facebook. The screen shows a blank text box with placeholder text prompting users to
2024-07-27 00:33:13,107 - get_image_description - INFO - [Data ID: 00000372] Generated description: This is a screenshot of an application interface named 'eArena'. The top bar displays icons that likely represent notifications, settings, battery status, and time
