2024-07-25 10:49:47,699 - target_description - INFO - [Data ID: pair_1] Generated description: To transition to the screen displaying the newsstand articles
2024-07-25 10:49:48,994 - target_description - INFO - [Data ID: pair_2] Generated description: To transition to the screen containing the editing photo feature
2024-07-25 10:49:50,938 - target_description - INFO - [Data ID: pair_3] Generated description: To transition to the screen containing the music player interface
2024-07-25 10:49:52,113 - target_description - INFO - [Data ID: pair_4] Generated description: To transition from the current screen to the one with the
2024-07-25 10:49:53,182 - target_description - INFO - [Data ID: pair_5] Generated description: To transition to the Sears Homepage from the current
2024-07-25 10:49:54,255 - target_description - INFO - [Data ID: pair_6] Generated description: To transition to the screen with the text from Genesis
2024-07-25 10:49:55,861 - target_description - INFO - [Data ID: pair_7] Generated description: To transition to the screen you described
2024-07-25 10:49:57,389 - target_description - INFO - [Data ID: pair_8] Generated description: To transition to the screen that contains the To-Do
2024-07-25 10:49:59,326 - target_description - INFO - [Data ID: pair_9] Generated description: To transition to the screen containing the Bravolol advert
2024-07-25 10:50:00,809 - target_description - INFO - [Data ID: pair_10] Generated description: To transition to the screen containing the "How it works
2024-07-25 10:50:02,049 - target_description - INFO - [Data ID: pair_11] Generated description: To transition to the screen with the text from Genesis
2024-07-25 10:50:03,231 - target_description - INFO - [Data ID: pair_12] Generated description: To transition from the current screen to the one containing the
2024-07-25 10:50:04,800 - target_description - INFO - [Data ID: pair_13] Generated description: To transition to the screen containing the word-based game
2024-07-25 10:50:05,831 - target_description - INFO - [Data ID: pair_14] Generated description: To navigate from this current screen to the Walgreens
2024-07-25 10:50:07,607 - target_description - INFO - [Data ID: pair_15] Generated description: To transition to the screen with the motion effect
2024-07-25 10:50:08,809 - target_description - INFO - [Data ID: pair_16] Generated description: To transition to the screen containing "This is a screenshot
2024-07-25 10:50:10,000 - target_description - INFO - [Data ID: pair_17] Generated description: To transition to the screen containing the ice hockey player
2024-07-25 10:50:10,972 - target_description - INFO - [Data ID: pair_18] Generated description: To transition to the screen with the Sears Home App
2024-07-25 10:50:12,621 - target_description - INFO - [Data ID: pair_19] Generated description: To transition to the screen containing the list of popular categories
2024-07-25 10:50:13,772 - target_description - INFO - [Data ID: pair_20] Generated description: To transition to the Terms of Service section from the
2024-07-25 10:50:15,653 - target_description - INFO - [Data ID: pair_21] Generated description: To transition to the screen you described
2024-07-25 10:50:17,043 - target_description - INFO - [Data ID: pair_22] Generated description: To transition to the screen containing the news article about B
2024-07-25 10:50:18,457 - target_description - INFO - [Data ID: pair_23] Generated description: To transition to the screen you described from the current interface
2024-07-25 10:50:20,015 - target_description - INFO - [Data ID: pair_24] Generated description: To transition to the screen with the title "Popular
2024-07-25 10:50:21,329 - target_description - INFO - [Data ID: pair_25] Generated description: To transition from this current screen to the one you described
2024-07-25 10:50:22,883 - target_description - INFO - [Data ID: pair_26] Generated description: To transition from this weather application screen to the screen containing
2024-07-25 10:50:24,654 - target_description - INFO - [Data ID: pair_27] Generated description: To transition to the screen with the GPS navigation information
2024-07-25 10:50:25,863 - target_description - INFO - [Data ID: pair_28] Generated description: To transition to the screen containing the title "What H
2024-07-25 10:50:27,094 - target_description - INFO - [Data ID: pair_29] Generated description: To transition from the current screen with the edit account information
2024-07-25 10:50:29,016 - target_description - INFO - [Data ID: pair_30] Generated description: To transition to the screen you described
2024-07-25 10:50:30,423 - target_description - INFO - [Data ID: pair_31] Generated description: To transition from the current screen displaying the green parrot
2024-07-25 10:50:31,824 - target_description - INFO - [Data ID: pair_32] Generated description: To transition to the screen with the title "This is
2024-07-25 10:50:33,658 - target_description - INFO - [Data ID: pair_33] Generated description: To transition to the screen with the information you provided about
2024-07-25 10:50:35,164 - target_description - INFO - [Data ID: pair_34] Generated description: To transition from the current screen to the one containing the
